Build started 10/12/2015 13:59:46.
     1>Project "C:\Users\David\Desktop\Prog1 coursework\Pong1.7\Pong\Pong\Pong.vcxproj" on node 2 (Build target(s)).
     1>ClCompile:
         C:\Program Files (x86)\Microsoft Visual Studio 12.0\VC\bin\CL.exe /c /ZI /nologo /W3 /WX- /sdl /Od /Oy- /D _MBCS /Gm /EHsc /RTC1 /MDd /GS /fp:precise /Zc:wchar_t /Zc:forScope /Fo"Debug\\" /Fd"Debug\vc120.pdb" /Gd /TP /analyze- /errorReport:prompt pongGame.cpp cBkGround.cpp cBall.cpp cButton.cpp cFont.cpp cFontMgr.cpp cInputMgr.cpp cPaddle.cpp cSound.cpp cSoundMgr.cpp cSprite.cpp cTexture.cpp cWNDManager.cpp main.cpp windowOGL.cpp
         windowOGL.cpp
         main.cpp
     1>c:\users\david\desktop\prog1 coursework\pong1.7\pong\pong\cpaddle.h(25): warning C4244: '=' : conversion from 'int' to 'float', possible loss of data
     1>c:\users\david\desktop\prog1 coursework\pong1.7\pong\pong\cpaddle.h(26): warning C4244: 'return' : conversion from 'int' to 'float', possible loss of data
         cWNDManager.cpp
         cTexture.cpp
         cSprite.cpp
     1>c:\users\david\desktop\prog1 coursework\pong1.7\pong\pong\csprite.cpp(106): warning C4244: '=' : conversion from 'int' to 'float', possible loss of data
     1>c:\users\david\desktop\prog1 coursework\pong1.7\pong\pong\csprite.cpp(107): warning C4244: '=' : conversion from 'int' to 'float', possible loss of data
     1>c:\users\david\desktop\prog1 coursework\pong1.7\pong\pong\csprite.cpp(180): warning C4244: 'argument' : conversion from 'int' to 'GLfloat', possible loss of data
     1>c:\users\david\desktop\prog1 coursework\pong1.7\pong\pong\csprite.cpp(182): warning C4244: 'argument' : conversion from 'int' to 'GLfloat', possible loss of data
     1>c:\users\david\desktop\prog1 coursework\pong1.7\pong\pong\csprite.cpp(184): warning C4244: 'argument' : conversion from 'int' to 'GLfloat', possible loss of data
     1>c:\users\david\desktop\prog1 coursework\pong1.7\pong\pong\csprite.cpp(206): warning C4244: '=' : conversion from 'int' to 'float', possible loss of data
     1>c:\users\david\desktop\prog1 coursework\pong1.7\pong\pong\csprite.cpp(241): warning C4244: '=' : conversion from 'float' to 'LONG', possible loss of data
     1>c:\users\david\desktop\prog1 coursework\pong1.7\pong\pong\csprite.cpp(242): warning C4244: '=' : conversion from 'float' to 'LONG', possible loss of data
     1>c:\users\david\desktop\prog1 coursework\pong1.7\pong\pong\csprite.cpp(301): warning C4244: 'argument' : conversion from 'LONG' to 'GLfloat', possible loss of data
     1>c:\users\david\desktop\prog1 coursework\pong1.7\pong\pong\csprite.cpp(309): warning C4244: 'argument' : conversion from 'int' to 'GLfloat', possible loss of data
     1>c:\users\david\desktop\prog1 coursework\pong1.7\pong\pong\csprite.cpp(310): warning C4244: 'argument' : conversion from 'int' to 'GLfloat', possible loss of data
     1>c:\users\david\desktop\prog1 coursework\pong1.7\pong\pong\csprite.cpp(311): warning C4244: 'argument' : conversion from 'int' to 'GLfloat', possible loss of data
         cSoundMgr.cpp
         cSound.cpp
         cPaddle.cpp
     1>c:\users\david\desktop\prog1 coursework\pong1.7\pong\pong\cpaddle.h(25): warning C4244: '=' : conversion from 'int' to 'float', possible loss of data
     1>c:\users\david\desktop\prog1 coursework\pong1.7\pong\pong\cpaddle.h(26): warning C4244: 'return' : conversion from 'int' to 'float', possible loss of data
     1>c:\users\david\desktop\prog1 coursework\pong1.7\pong\pong\cpaddle.cpp(23): warning C4244: 'argument' : conversion from 'int' to 'GLfloat', possible loss of data
     1>c:\users\david\desktop\prog1 coursework\pong1.7\pong\pong\cpaddle.cpp(25): warning C4244: 'argument' : conversion from 'int' to 'GLfloat', possible loss of data
     1>c:\users\david\desktop\prog1 coursework\pong1.7\pong\pong\cpaddle.cpp(27): warning C4244: 'argument' : conversion from 'int' to 'GLfloat', possible loss of data
     1>c:\users\david\desktop\prog1 coursework\pong1.7\pong\pong\cpaddle.cpp(29): warning C4244: 'argument' : conversion from 'int' to 'GLfloat', possible loss of data
         cInputMgr.cpp
     1>c:\users\david\desktop\prog1 coursework\pong1.7\pong\pong\cinputmgr.cpp(209): warning C4244: 'return' : conversion from 'float' to 'int', possible loss of data
     1>c:\users\david\desktop\prog1 coursework\pong1.7\pong\pong\cinputmgr.cpp(218): warning C4244: 'return' : conversion from 'float' to 'int', possible loss of data
         cFontMgr.cpp
         cFont.cpp
         cButton.cpp
     1>c:\users\david\desktop\prog1 coursework\pong1.7\pong\pong\cbutton.cpp(41): warning C4244: 'argument' : conversion from 'int' to 'GLfloat', possible loss of data
     1>c:\users\david\desktop\prog1 coursework\pong1.7\pong\pong\cbutton.cpp(43): warning C4244: 'argument' : conversion from 'int' to 'GLfloat', possible loss of data
     1>c:\users\david\desktop\prog1 coursework\pong1.7\pong\pong\cbutton.cpp(45): warning C4244: 'argument' : conversion from 'int' to 'GLfloat', possible loss of data
     1>c:\users\david\desktop\prog1 coursework\pong1.7\pong\pong\cbutton.cpp(71): warning C4244: 'argument' : conversion from 'int' to 'GLfloat', possible loss of data
     1>c:\users\david\desktop\prog1 coursework\pong1.7\pong\pong\cbutton.cpp(73): warning C4244: 'argument' : conversion from 'int' to 'GLfloat', possible loss of data
     1>c:\users\david\desktop\prog1 coursework\pong1.7\pong\pong\cbutton.cpp(75): warning C4244: 'argument' : conversion from 'int' to 'GLfloat', possible loss of data
         cBall.cpp
     1>c:\users\david\desktop\prog1 coursework\pong1.7\pong\pong\cpaddle.h(25): warning C4244: '=' : conversion from 'int' to 'float', possible loss of data
     1>c:\users\david\desktop\prog1 coursework\pong1.7\pong\pong\cpaddle.h(26): warning C4244: 'return' : conversion from 'int' to 'float', possible loss of data
     1>c:\users\david\desktop\prog1 coursework\pong1.7\pong\pong\cball.cpp(23): warning C4244: 'argument' : conversion from 'int' to 'GLfloat', possible loss of data
     1>c:\users\david\desktop\prog1 coursework\pong1.7\pong\pong\cball.cpp(25): warning C4244: 'argument' : conversion from 'int' to 'GLfloat', possible loss of data
     1>c:\users\david\desktop\prog1 coursework\pong1.7\pong\pong\cball.cpp(27): warning C4244: 'argument' : conversion from 'int' to 'GLfloat', possible loss of data
     1>c:\users\david\desktop\prog1 coursework\pong1.7\pong\pong\cball.cpp(29): warning C4244: 'argument' : conversion from 'int' to 'GLfloat', possible loss of data
     1>c:\users\david\desktop\prog1 coursework\pong1.7\pong\pong\cball.cpp(116): warning C4244: 'argument' : conversion from 'LONG' to 'GLfloat', possible loss of data
     1>c:\users\david\desktop\prog1 coursework\pong1.7\pong\pong\cball.cpp(123): warning C4244: 'argument' : conversion from 'LONG' to 'GLfloat', possible loss of data
     1>c:\users\david\desktop\prog1 coursework\pong1.7\pong\pong\cball.cpp(124): warning C4244: 'argument' : conversion from 'LONG' to 'GLfloat', possible loss of data
     1>c:\users\david\desktop\prog1 coursework\pong1.7\pong\pong\cball.cpp(125): warning C4244: 'argument' : conversion from 'LONG' to 'GLfloat', possible loss of data
     1>c:\users\david\desktop\prog1 coursework\pong1.7\pong\pong\cball.cpp(126): warning C4244: 'argument' : conversion from 'LONG' to 'GLfloat', possible loss of data
         cBkGround.cpp
         pongGame.cpp
     1>c:\users\david\desktop\prog1 coursework\pong1.7\pong\pong\cpaddle.h(25): warning C4244: '=' : conversion from 'int' to 'float', possible loss of data
     1>c:\users\david\desktop\prog1 coursework\pong1.7\pong\pong\cpaddle.h(26): warning C4244: 'return' : conversion from 'int' to 'float', possible loss of data
         Generating Code...
       Link:
         C:\Program Files (x86)\Microsoft Visual Studio 12.0\VC\bin\link.exe /ERRORREPORT:PROMPT /OUT:"C:\Users\David\Desktop\Prog1 coursework\Pong1.7\Pong\Debug\Pong.exe" /INCREMENTAL /NOLOGO kernel32.lib user32.lib gdi32.lib winspool.lib comdlg32.lib advapi32.lib shell32.lib ole32.lib oleaut32.lib uuid.lib odbc32.lib odbccp32.lib /MANIFEST /MANIFESTUAC:"level='asInvoker' uiAccess='false'" /manifest:embed /DEBUG /PDB:"C:\Users\David\Desktop\Prog1 coursework\Pong1.7\Pong\Debug\Pong.pdb" /TLBID:1 /DYNAMICBASE /NXCOMPAT /IMPLIB:"C:\Users\David\Desktop\Prog1 coursework\Pong1.7\Pong\Debug\Pong.lib" /MACHINE:X86 Debug\pongGame.obj
         Debug\cBkGround.obj
         Debug\cBall.obj
         Debug\cButton.obj
         Debug\cFont.obj
         Debug\cFontMgr.obj
         Debug\cInputMgr.obj
         Debug\cPaddle.obj
         Debug\cSound.obj
         Debug\cSoundMgr.obj
         Debug\cSprite.obj
         Debug\cTexture.obj
         Debug\cWNDManager.obj
         Debug\main.obj
         Debug\windowOGL.obj
         alut.lib
         DevIL.lib
         freeglut.lib
         ftgl.lib
         ILU.lib
         ILUT.lib
         OpenAL32.lib
         Pong.vcxproj -> C:\Users\David\Desktop\Prog1 coursework\Pong1.7\Pong\Debug\Pong.exe
     1>Done Building Project "C:\Users\David\Desktop\Prog1 coursework\Pong1.7\Pong\Pong\Pong.vcxproj" (Build target(s)).

Build succeeded.

Time Elapsed 00:00:15.45
