c:\users\david\desktop\prog1 coursework\pong0.5\pong\pong\debug\vc120.pdb
c:\users\david\desktop\prog1 coursework\pong0.5\pong\pong\debug\vc120.idb
c:\users\david\desktop\prog1 coursework\pong0.5\pong\pong\debug\asteroidsgame.obj
c:\users\david\desktop\prog1 coursework\pong0.5\pong\pong\debug\casteroid.obj
c:\users\david\desktop\prog1 coursework\pong0.5\pong\pong\debug\cbkground.obj
c:\users\david\desktop\prog1 coursework\pong0.5\pong\pong\debug\cbullet.obj
c:\users\david\desktop\prog1 coursework\pong0.5\pong\pong\debug\cbutton.obj
c:\users\david\desktop\prog1 coursework\pong0.5\pong\pong\debug\cfilehandler.obj
c:\users\david\desktop\prog1 coursework\pong0.5\pong\pong\debug\cfont.obj
c:\users\david\desktop\prog1 coursework\pong0.5\pong\pong\debug\cfontmgr.obj
c:\users\david\desktop\prog1 coursework\pong0.5\pong\pong\debug\cinputmgr.obj
c:\users\david\desktop\prog1 coursework\pong0.5\pong\pong\debug\crocket.obj
c:\users\david\desktop\prog1 coursework\pong0.5\pong\pong\debug\csound.obj
c:\users\david\desktop\prog1 coursework\pong0.5\pong\pong\debug\csoundmgr.obj
c:\users\david\desktop\prog1 coursework\pong0.5\pong\pong\debug\csprite.obj
c:\users\david\desktop\prog1 coursework\pong0.5\pong\pong\debug\ctexture.obj
c:\users\david\desktop\prog1 coursework\pong0.5\pong\pong\debug\cwndmanager.obj
c:\users\david\desktop\prog1 coursework\pong0.5\pong\pong\debug\windowogl.obj
c:\users\david\desktop\prog1 coursework\pong0.5\pong\pong\debug\main.obj
c:\users\david\desktop\prog1 coursework\pong0.5\pong\debug\pong.ilk
c:\users\david\desktop\prog1 coursework\pong0.5\pong\debug\pong.exe
c:\users\david\desktop\prog1 coursework\pong0.5\pong\debug\pong.pdb
c:\users\david\desktop\prog1 coursework\pong0.5\pong\pong\debug\pong.tlog\cl.command.1.tlog
c:\users\david\desktop\prog1 coursework\pong0.5\pong\pong\debug\pong.tlog\cl.read.1.tlog
c:\users\david\desktop\prog1 coursework\pong0.5\pong\pong\debug\pong.tlog\cl.write.1.tlog
c:\users\david\desktop\prog1 coursework\pong0.5\pong\pong\debug\pong.tlog\link.command.1.tlog
c:\users\david\desktop\prog1 coursework\pong0.5\pong\pong\debug\pong.tlog\link.read.1.tlog
c:\users\david\desktop\prog1 coursework\pong0.5\pong\pong\debug\pong.tlog\link.write.1.tlog
